<?xml version="1.0" encoding="UTF-8"?>
<testsuite xmlns:xsi="http://www.w3.org/2001/XMLSchema-instance" xsi:schemaLocation="https://maven.apache.org/surefire/maven-surefire-plugin/xsd/surefire-test-report.xsd" name="TestSuite" time="725.135" tests="31" errors="0" skipped="1" failures="0">
  <properties>
    <property name="java.runtime.name" value="Java(TM) SE Runtime Environment"/>
    <property name="sun.boot.library.path" value="D:\Java\bin"/>
    <property name="java.vm.version" value="25.251-b08"/>
    <property name="java.vm.vendor" value="Oracle Corporation"/>
    <property name="maven.multiModuleProjectDirectory" value="D:\Eclipse\The Coder&apos;s Shelf -- Urban Ladder"/>
    <property name="java.vendor.url" value="http://java.oracle.com/"/>
    <property name="path.separator" value=";"/>
    <property name="guice.disable.misplaced.annotation.check" value="true"/>
    <property name="java.vm.name" value="Java HotSpot(TM) 64-Bit Server VM"/>
    <property name="file.encoding.pkg" value="sun.io"/>
    <property name="user.script" value=""/>
    <property name="user.country" value="IN"/>
    <property name="sun.java.launcher" value="SUN_STANDARD"/>
    <property name="sun.os.patch.level" value=""/>
    <property name="java.vm.specification.name" value="Java Virtual Machine Specification"/>
    <property name="user.dir" value="D:\Eclipse\The Coder&apos;s Shelf -- Urban Ladder"/>
    <property name="java.runtime.version" value="1.8.0_251-b08"/>
    <property name="java.awt.graphicsenv" value="sun.awt.Win32GraphicsEnvironment"/>
    <property name="java.endorsed.dirs" value="D:\Java\lib\endorsed"/>
    <property name="os.arch" value="amd64"/>
    <property name="java.io.tmpdir" value="C:\Users\Sathya\AppData\Local\Temp\"/>
    <property name="line.separator" value="&#10;"/>
    <property name="java.vm.specification.vendor" value="Oracle Corporation"/>
    <property name="user.variant" value=""/>
    <property name="os.name" value="Windows 10"/>
    <property name="classworlds.conf" value="D:\Eclipse\.metadata\.plugins\org.eclipse.m2e.launching\launches\m2conf5978959255603021754.tmp"/>
    <property name="sun.jnu.encoding" value="Cp1252"/>
    <property name="java.library.path" value="D:\Java\bin;C:\Windows\Sun\Java\bin;C:\Windows\system32;C:\Windows;D:/Java/bin/server;D:/Java/bin;D:/Java/lib/amd64;C:\Program Files (x86)\Common Files\Oracle\Java\javapath;C:\Windows\system32;C:\Windows;C:\Windows\System32\Wbem;C:\Windows\System32\WindowsPowerShell\v1.0\;C:\Windows\System32\OpenSSH\;C:\Program Files (x86)\NVIDIA Corporation\PhysX\Common;C:\Program Files\NVIDIA Corporation\NVIDIA NvDLISR;D:\VSC\Microsoft VS Code\bin;D:\New folder (2)\;C:\Users\Sathya\AppData\Local\Microsoft\WindowsApps;C:\Users\Sathya\AppData\Roaming\npm;C:\Users\Sathya\Downloads\apache-maven-3.6.3-bin\apache-maven-3.6.3\bin;;D:\Eclipse\eclipse;;."/>
    <property name="java.specification.name" value="Java Platform API Specification"/>
    <property name="java.class.version" value="52.0"/>
    <property name="sun.management.compiler" value="HotSpot 64-Bit Tiered Compilers"/>
    <property name="os.version" value="10.0"/>
    <property name="user.home" value="C:\Users\Sathya"/>
    <property name="user.timezone" value="Asia/Calcutta"/>
    <property name="java.awt.printerjob" value="sun.awt.windows.WPrinterJob"/>
    <property name="java.specification.version" value="1.8"/>
    <property name="file.encoding" value="Cp1252"/>
    <property name="user.name" value="Sathya"/>
    <property name="java.class.path" value="/D:/Eclipse/eclipse/plugins/org.eclipse.m2e.maven.runtime_1.7.0.20160603-1931/jars/plexus-classworlds-2.5.2.jar"/>
    <property name="java.vm.specification.version" value="1.8"/>
    <property name="sun.arch.data.model" value="64"/>
    <property name="java.home" value="D:\Java"/>
    <property name="sun.java.command" value="org.codehaus.plexus.classworlds.launcher.Launcher -B test"/>
    <property name="java.specification.vendor" value="Oracle Corporation"/>
    <property name="user.language" value="en"/>
    <property name="awt.toolkit" value="sun.awt.windows.WToolkit"/>
    <property name="java.vm.info" value="mixed mode"/>
    <property name="java.version" value="1.8.0_251"/>
    <property name="java.ext.dirs" value="D:\Java\lib\ext;C:\Windows\Sun\Java\lib\ext"/>
    <property name="sun.boot.class.path" value="D:\Java\lib\resources.jar;D:\Java\lib\rt.jar;D:\Java\lib\sunrsasign.jar;D:\Java\lib\jsse.jar;D:\Java\lib\jce.jar;D:\Java\lib\charsets.jar;D:\Java\lib\jfr.jar;D:\Java\classes"/>
    <property name="java.vendor" value="Oracle Corporation"/>
    <property name="maven.home" value="D:\Eclipse\The Coder&apos;s Shelf -- Urban Ladder\EMBEDDED"/>
    <property name="file.separator" value="\"/>
    <property name="java.vendor.url.bug" value="http://bugreport.sun.com/bugreport/"/>
    <property name="sun.cpu.endian" value="little"/>
    <property name="sun.io.unicode.encoding" value="UnicodeLittle"/>
    <property name="sun.desktop" value="windows"/>
    <property name="sun.cpu.isalist" value="amd64"/>
  </properties>
  <testcase name="urlValidation" classname="com.selenium.testScripts.TestScript" time="0.165"/>
  <testcase name="urlValidation" classname="com.selenium.testScripts.TestScript" time="0.268"/>
  <testcase name="loginIconValidation" classname="com.selenium.testScripts.TestScript" time="0">
    <skipped message="Expected condition failed: waiting for visibility of element located by By.partialLinkText: Close (tried for 60 second(s) with 500 milliseconds interval)"/>
  </testcase>
  <testcase name="loginIconValidation" classname="com.selenium.testScripts.TestScript" time="26.95"/>
  <testcase name="loginIconValidation" classname="com.selenium.testScripts.TestScript" time="27.071"/>
  <testcase name="searchBoxValidation" classname="com.selenium.testScripts.TestScript" time="1.112"/>
  <testcase name="searchBoxValidation" classname="com.selenium.testScripts.TestScript" time="0.56"/>
  <testcase name="validLoginCredentialsValidation" classname="com.selenium.testScripts.TestScript" time="39.204"/>
  <testcase name="validLoginCredentialsValidation" classname="com.selenium.testScripts.TestScript" time="38.764"/>
  <testcase name="getStudyChairsNameAndPrice" classname="com.selenium.testScripts.TestScript" time="11.312"/>
  <testcase name="getStudyChairsNameAndPrice" classname="com.selenium.testScripts.TestScript" time="10.074"/>
  <testcase name="getBookshelvesNameAndPrice" classname="com.selenium.testScripts.TestScript" time="20.574"/>
  <testcase name="getBookshelvesNameAndPrice" classname="com.selenium.testScripts.TestScript" time="21.179"/>
  <testcase name="giftCardsFormValidation" classname="com.selenium.testScripts.TestScript" time="11.392"/>
  <testcase name="giftCardsFormValidation" classname="com.selenium.testScripts.TestScript" time="12.776"/>
  <testcase name="invalidEmailLoginErrorMessageValidation" classname="com.selenium.testScripts.TestScript" time="32.904"/>
  <testcase name="invalidPasswordloginErrorMessageValidation" classname="com.selenium.testScripts.TestScript" time="33.844"/>
  <testcase name="invalidDataSearchBoxValidation" classname="com.selenium.testScripts.TestScript" time="2.698"/>
  <testcase name="navigationUsingSearchIconValidation" classname="com.selenium.testScripts.TestScript" time="4.54"/>
  <testcase name="navigationUsingSeacrhIconResultsPageAssertion" classname="com.selenium.testScripts.TestScript" time="5.215"/>
  <testcase name="sortByFilterValidation" classname="com.selenium.testScripts.TestScript" time="6.883"/>
  <testcase name="navigationUsingSuggestionsValidation" classname="com.selenium.testScripts.TestScript" time="7.205"/>
  <testcase name="navigateUsingSuggestionsResultPageAssertion" classname="com.selenium.testScripts.TestScript" time="2.894"/>
  <testcase name="priceFilterValidation" classname="com.selenium.testScripts.TestScript" time="9.167"/>
  <testcase name="storageTypeFilterValidation" classname="com.selenium.testScripts.TestScript" time="10.112"/>
  <testcase name="excludeOutOfStockFilterValidation" classname="com.selenium.testScripts.TestScript" time="12.451"/>
  <testcase name="getBeingatHomeCollectionsList" classname="com.selenium.testScripts.TestScript" time="5.12"/>
  <testcase name="giftCardsLinkTextNavigationValidation" classname="com.selenium.testScripts.TestScript" time="4.487"/>
  <testcase name="chosenOccasionAssertion" classname="com.selenium.testScripts.TestScript" time="3.966"/>
  <testcase name="giftCardsCalendarAssertion" classname="com.selenium.testScripts.TestScript" time="9.887"/>
  <testcase name="chosenDateAssertion" classname="com.selenium.testScripts.TestScript" time="9.906"/>
</testsuite>