<?xml version="1.0" encoding="UTF-8"?>
<!-- Generated by org.testng.reporters.JUnitReportReporter -->
<testsuite hostname="LAPTOP-66KSTJD3" name="com.selenium.TestScripts.DummyTest" tests="18" failures="0" timestamp="1 Jun 2020 05:11:19 GMT" time="211.746" errors="0">
  <testcase name="ExcludeOutofStockFilterValidation" time="5.797" classname="com.selenium.TestScripts.DummyTest"/>
  <testcase name="LoginIconValidation" time="25.991" classname="com.selenium.TestScripts.DummyTest"/>
  <testcase name="navigateUsingSuggestions" time="12.886" classname="com.selenium.TestScripts.DummyTest"/>
  <testcase name="priceFilterValidation" time="6.805" classname="com.selenium.TestScripts.DummyTest"/>
  <testcase name="getBeingatHomeCollectionsList" time="6.383" classname="com.selenium.TestScripts.DummyTest"/>
  <testcase name="LoginInValidTest" time="36.550" classname="com.selenium.TestScripts.DummyTest"/>
  <testcase name="SearchboxValidation" time="0.673" classname="com.selenium.TestScripts.DummyTest"/>
  <testcase name="navigateUsingSeacrhIconAssertion" time="0.060" classname="com.selenium.TestScripts.DummyTest"/>
  <testcase name="LoginValidTest" time="38.836" classname="com.selenium.TestScripts.DummyTest"/>
  <testcase name="GiftCardsCalendarAssertion" time="7.745" classname="com.selenium.TestScripts.DummyTest"/>
  <testcase name="storageTypeFilterValidation" time="5.966" classname="com.selenium.TestScripts.DummyTest"/>
  <testcase name="GetBookshelvesNameAndPrice" time="3.376" classname="com.selenium.TestScripts.DummyTest"/>
  <testcase name="sortByFilterValidation" time="0.085" classname="com.selenium.TestScripts.DummyTest"/>
  <testcase name="LoginInValidTest1" time="40.075" classname="com.selenium.TestScripts.DummyTest"/>
  <testcase name="GetStudyChairsNameAndPrice" time="13.571" classname="com.selenium.TestScripts.DummyTest"/>
  <testcase name="GiftCardsValidation" time="3.383" classname="com.selenium.TestScripts.DummyTest"/>
  <testcase name="navigateUsingSuggestionsPageAssertion" time="0.061" classname="com.selenium.TestScripts.DummyTest"/>
  <testcase name="navigationUsingSearchIconValidation" time="3.503" classname="com.selenium.TestScripts.DummyTest"/>
</testsuite> <!-- com.selenium.TestScripts.DummyTest -->
