<?xml version="1.0" encoding="UTF-8"?>
<!-- Generated by org.testng.reporters.JUnitReportReporter -->
<testsuite hostname="LAPTOP-66KSTJD3" name="com.selenium.TestScripts.Dummy" tests="17" failures="0" timestamp="2 Jun 2020 21:05:56 GMT" time="128.263" errors="0">
  <testcase name="SearchboxValidation" time="0.125" classname="com.selenium.TestScripts.Dummy"/>
  <testcase name="LoginIconValidation" time="25.359" classname="com.selenium.TestScripts.Dummy"/>
  <testcase name="GetBookshelvesNameAndPrice" time="3.116" classname="com.selenium.TestScripts.Dummy"/>
  <testcase name="storageTypeFilterValidation" time="5.496" classname="com.selenium.TestScripts.Dummy"/>
  <testcase name="navigationUsingSearchIconValidation" time="2.830" classname="com.selenium.TestScripts.Dummy"/>
  <testcase name="navigateUsingSeacrhIconAssertion" time="0.026" classname="com.selenium.TestScripts.Dummy"/>
  <testcase name="navigateUsingSuggestionsPageAssertion" time="0.055" classname="com.selenium.TestScripts.Dummy"/>
  <testcase name="validateUrl" time="0.025" classname="com.selenium.TestScripts.Dummy"/>
  <testcase name="GiftCardsCalendarAssertion" time="6.030" classname="com.selenium.TestScripts.Dummy"/>
  <testcase name="ExcludeOutofStockFilterValidation" time="5.330" classname="com.selenium.TestScripts.Dummy"/>
  <testcase name="priceFilterValidation" time="6.013" classname="com.selenium.TestScripts.Dummy"/>
  <testcase name="sortByFilterValidation" time="0.038" classname="com.selenium.TestScripts.Dummy"/>
  <testcase name="navigateUsingSuggestions" time="12.253" classname="com.selenium.TestScripts.Dummy"/>
  <testcase name="GetStudyChairsNameAndPrice" time="13.159" classname="com.selenium.TestScripts.Dummy"/>
  <testcase name="getBeingatHomeCollectionsList" time="4.607" classname="com.selenium.TestScripts.Dummy"/>
  <testcase name="LoginValidTest" time="41.716" classname="com.selenium.TestScripts.Dummy"/>
  <testcase name="GiftCardsValidation" time="2.085" classname="com.selenium.TestScripts.Dummy"/>
</testsuite> <!-- com.selenium.TestScripts.Dummy -->
