<?xml version="1.0" encoding="UTF-8"?>
<!-- Generated by org.testng.reporters.JUnitReportReporter -->
<testsuite hostname="LAPTOP-66KSTJD3" name="com.selenium.testScripts.TestScript" tests="1" failures="0" timestamp="18 Jun 2020 10:50:37 GMT" time="6.033" errors="0">
  <testcase name="urlValidation" time="6.033" classname="com.selenium.testScripts.TestScript"/>
</testsuite> <!-- com.selenium.testScripts.TestScript -->
