<?xml version="1.0" encoding="UTF-8"?>
<!-- Generated by org.testng.reporters.JUnitReportReporter -->
<testsuite hostname="LAPTOP-66KSTJD3" name="com.selenium.TestScripts.TestScripts" tests="18" failures="0" timestamp="1 Jun 2020 03:12:38 GMT" time="158.185" errors="0">
  <testcase name="LoginValidTest" time="13.353" classname="com.selenium.TestScripts.TestScripts"/>
  <testcase name="GiftCardsValidation" time="4.401" classname="com.selenium.TestScripts.TestScripts"/>
  <testcase name="LoginIconValidation" time="25.718" classname="com.selenium.TestScripts.TestScripts"/>
  <testcase name="navigationUsingSearchIconValidation" time="3.872" classname="com.selenium.TestScripts.TestScripts"/>
  <testcase name="ExcludeOutofStockFilterValidation" time="5.679" classname="com.selenium.TestScripts.TestScripts"/>
  <testcase name="navigateUsingSuggestionsPageAssertion" time="0.090" classname="com.selenium.TestScripts.TestScripts"/>
  <testcase name="getBeingatHomeCollectionsList" time="6.873" classname="com.selenium.TestScripts.TestScripts"/>
  <testcase name="SearchboxValidation" time="0.730" classname="com.selenium.TestScripts.TestScripts"/>
  <testcase name="GetStudyChairsNameAndPrice" time="13.334" classname="com.selenium.TestScripts.TestScripts"/>
  <testcase name="LoginInValidTest" time="26.799" classname="com.selenium.TestScripts.TestScripts"/>
  <testcase name="sortByFilterValidation" time="0.090" classname="com.selenium.TestScripts.TestScripts"/>
  <testcase name="priceFilterValidation" time="6.586" classname="com.selenium.TestScripts.TestScripts"/>
  <testcase name="GetBookshelvesNameAndPrice" time="3.375" classname="com.selenium.TestScripts.TestScripts"/>
  <testcase name="LoginInValidTest1" time="20.572" classname="com.selenium.TestScripts.TestScripts"/>
  <testcase name="storageTypeFilterValidation" time="5.919" classname="com.selenium.TestScripts.TestScripts"/>
  <testcase name="navigateUsingSuggestions" time="13.527" classname="com.selenium.TestScripts.TestScripts"/>
  <testcase name="GiftCardsCalendarAssertion" time="7.198" classname="com.selenium.TestScripts.TestScripts"/>
  <testcase name="navigateUsingSeacrhIconAssertion" time="0.069" classname="com.selenium.TestScripts.TestScripts"/>
</testsuite> <!-- com.selenium.TestScripts.TestScripts -->
