<?xml version="1.0" encoding="UTF-8"?>
<!-- Generated by org.testng.reporters.JUnitReportReporter -->
<testsuite hostname="Ashok-Ideapad" name="com.selenium.TestScripts.TestCasesId" tests="4" failures="0" timestamp="3 Jun 2020 06:33:33 GMT" time="107.238" errors="0">
  <testcase name="LoginValidTest" time="53.846" classname="com.selenium.TestScripts.TestCasesId"/>
  <testcase name="validateUrl" time="9.325" classname="com.selenium.TestScripts.TestCasesId"/>
  <testcase name="SearchboxValidation" time="10.068" classname="com.selenium.TestScripts.TestCasesId"/>
  <testcase name="LoginIconValidation" time="33.999" classname="com.selenium.TestScripts.TestCasesId"/>
</testsuite> <!-- com.selenium.TestScripts.TestCasesId -->
